This is pdfTeX, Version 3.14159265-2.6-1.40.20 (MiKTeX 2.9.7000 64-bit) (preloaded format=pdflatex 2019.4.19)  19 APR 2019 13:14
entering extended mode
**./guionado.tex
(guionado.tex
LaTeX2e <2018-12-01>
! Improper \hyphenation will be flushed.
\@changed@cmd ...SymbolUnavailable #1}\fi \global 
                                                  \expandafter \let \csname ...
l.42 bi-blio-gra-fí
                    a
Hyphenation exceptions must contain only letters
and hyphens. But continue; I'll forgive and forget.

! Improper \hyphenation will be flushed.
<recently read> \let 
                     
l.42 bi-blio-gra-fí
                    a
Hyphenation exceptions must contain only letters
and hyphens. But continue; I'll forgive and forget.

! Improper \hyphenation will be flushed.
<recently read> \\' 
                    
l.42 bi-blio-gra-fí
                    a
Hyphenation exceptions must contain only letters
and hyphens. But continue; I'll forgive and forget.

! Improper \hyphenation will be flushed.
\hmode@start@before@group ->\unhbox 
                                    \voidb@x 
l.42 bi-blio-gra-fí
                    a
Hyphenation exceptions must contain only letters
and hyphens. But continue; I'll forgive and forget.

! Not a letter.
\hmode@start@before@group ->\unhbox \voidb@x 
                                             
l.42 bi-blio-gra-fí
                    a
Letters in \hyphenation words must have \lccode>0.
Proceed; I'll ignore the character I just read.

! Improper \hyphenation will be flushed.
\UseTextAccent #1#2#3->\hmode@start@before@group {
                                                  \let \hmode@start@before@g...
l.42 bi-blio-gra-fí
                    a
Hyphenation exceptions must contain only letters
and hyphens. But continue; I'll forgive and forget.

! Improper \hyphenation will be flushed.
\UseTextAccent ...\hmode@start@before@group {\let 
                                                  \hmode@start@before@group ...
l.42 bi-blio-gra-fí
                    a
Hyphenation exceptions must contain only letters
and hyphens. But continue; I'll forgive and forget.

! Improper \hyphenation will be flushed.
\hmode@start@before@group ->\unhbox 
                                    \voidb@x 
l.42 bi-blio-gra-fí
                    a
Hyphenation exceptions must contain only letters
and hyphens. But continue; I'll forgive and forget.

! Not a letter.
\hmode@start@before@group ->\unhbox \voidb@x 
                                             
l.42 bi-blio-gra-fí
                    a
Letters in \hyphenation words must have \lccode>0.
Proceed; I'll ignore the character I just read.

! Improper \hyphenation will be flushed.
<argument> \let 
                
l.42 bi-blio-gra-fí
                    a
Hyphenation exceptions must contain only letters
and hyphens. But continue; I'll forgive and forget.

! Undefined control sequence.
\UseTextAccent ...up \@firstofone \let \@curr@enc 
                                                  \cf@encoding \@use@text@en...
l.42 bi-blio-gra-fí
                    a
The control sequence at the end of the top line
of your error message was never \def'ed. If you have
misspelled it (e.g., `\hobx'), type `I' and the correct
spelling (e.g., `I\hbox'). Otherwise just continue,
and I'll forget about whatever was undefined.

! Improper \hyphenation will be flushed.
\@use@text@encoding #1->\edef 
                              \f@encoding {#1}\xdef \font@name {\csname \cur...
l.42 bi-blio-gra-fí
                    a
Hyphenation exceptions must contain only letters
and hyphens. But continue; I'll forgive and forget.

! Not a letter.
\f@encoding ->OT1
                 
l.42 bi-blio-gra-fí
                    a
Letters in \hyphenation words must have \lccode>0.
Proceed; I'll ignore the character I just read.

! Improper \hyphenation will be flushed.
\@use@text@encoding #1->\edef \f@encoding {
                                           #1}\xdef \font@name {\csname \cur...
l.42 bi-blio-gra-fí
                    a
Hyphenation exceptions must contain only letters
and hyphens. But continue; I'll forgive and forget.

! Not a letter.
<argument> OT1
              
l.42 bi-blio-gra-fí
                    a
Letters in \hyphenation words must have \lccode>0.
Proceed; I'll ignore the character I just read.


! LaTeX Error: Missing \begin{document}.

See the LaTeX manual or LaTeX Companion for explanation.
Type  H <return>  for immediate help.
 ...                                              
                                                  
l.42 bi-blio-gra-fí
                    a
You're in trouble here.  Try typing  <return>  to proceed.
If that doesn't work, type  X <return>  to quit.

! Undefined control sequence.
<argument> \@curr@enc 
                      
l.42 bi-blio-gra-fí
                    a
The control sequence at the end of the top line
of your error message was never \def'ed. If you have
misspelled it (e.g., `\hobx'), type `I' and the correct
spelling (e.g., `I\hbox'). Otherwise just continue,
and I'll forget about whatever was undefined.

LaTeX Font Info:    Try loading font information for +cmr on input line 42.
LaTeX Font Info:    No file cmr.fd. on input line 42.

LaTeX Font Warning: Font shape `/cmr/m/n' undefined
(Font)              using `/cmr/m/n' instead on input line 42.

! Corrupted NFSS tables.
wrong@fontshape ...message {Corrupted NFSS tables}
                                                  error@fontshape else let f...
l.42 bi-blio-gra-fí
                    a
This error message was generated by an \errmessage
command, so I can't give any explicit help.
Pretend that you're Hercule Poirot: Examine all clues,
and deduce the truth by order and method.


LaTeX Font Warning: Font shape `/cmr/m/n' undefined
(Font)              using `OT1/cmr/m/n' instead on input line 42.

! Undefined control sequence.
<argument> \@curr@enc 
                      
l.42 bi-blio-gra-fí
                    a
The control sequence at the end of the top line
of your error message was never \def'ed. If you have
misspelled it (e.g., `\hobx'), type `I' and the correct
spelling (e.g., `I\hbox'). Otherwise just continue,
and I'll forget about whatever was undefined.

! Too many }'s.
\UseTextAccent ...se@text@encoding \@curr@enc #3}}
                                                  
l.42 bi-blio-gra-fí
                    a
You've closed more groups than you opened.
Such booboos are generally harmless, so keep going.

! Extra \else.
\@changed@cmd ... #1\expandafter \endcsname \else 
                                                  \noexpand #1\fi 
l.42 bi-blio-gra-fí
                    a
I'm ignoring this; it doesn't match any \if.

! Extra \fi.
<argument> \fi 
               
l.42 bi-blio-gra-fí
                    a
I'm ignoring this; it doesn't match any \if.

! Extra \fi.
<argument> \fi 
               
l.42 bi-blio-gra-fí
                    a
I'm ignoring this; it doesn't match any \if.

! Too many }'s.
l.277 }
       
You've closed more groups than you opened.
Such booboos are generally harmless, so keep going.

)
! Emergency stop.
<*> ./guionado.tex
                  
*** (job aborted, no legal \end found)

 
Here is how much of TeX's memory you used:
 49 strings out of 492902
 589 string characters out of 3135392
 61722 words of memory out of 3000000
 4029 multiletter control sequences out of 15000+200000
 3640 words of font info for 14 fonts, out of 3000000 for 9000
 1169 hyphenation exceptions out of 8191
 19i,1n,19p,83b,67s stack positions out of 5000i,500n,10000p,200000b,50000s
!  ==> Fatal error occurred, no output PDF file produced!
